git-lfs/2.13.2 (GitHub; windows amd64; go 1.14.13; git fc664697)
git version 2.29.2.windows.4

$ git-lfs.exe filter-process
Error downloading object: Library/PackageCache/com.unity.collab-proxy@1.3.9/Documentation~/images/example.png (55f68a5): Smudge error: Error downloading Library/PackageCache/com.unity.collab-proxy@1.3.9/Documentation~/images/example.png (55f68a5638d688a4fff36bfaa11d9453ebc287640dc958b1568260d98ed757ed): [55f68a5638d688a4fff36bfaa11d9453ebc287640dc958b1568260d98ed757ed] Object does not exist on the server: [404] Object does not exist on the server

[404] Object does not exist on the server
[55f68a5638d688a4fff36bfaa11d9453ebc287640dc958b1568260d98ed757ed] Object does not exist on the server
github.com/git-lfs/git-lfs/errors.newWrappedError
	D:/a/git-lfs/git-lfs/errors/types.go:198
github.com/git-lfs/git-lfs/errors.Wrapf
	D:/a/git-lfs/git-lfs/errors/errors.go:85
github.com/git-lfs/git-lfs/tq.(*TransferQueue).enqueueAndCollectRetriesFor
	D:/a/git-lfs/git-lfs/tq/transfer_queue.go:607
github.com/git-lfs/git-lfs/tq.(*TransferQueue).collectBatches.func1
	D:/a/git-lfs/git-lfs/tq/transfer_queue.go:453
runtime.goexit
	go/src/runtime/asm_amd64.s:1373
Error downloading Library/PackageCache/com.unity.collab-proxy@1.3.9/Documentation~/images/example.png (55f68a5638d688a4fff36bfaa11d9453ebc287640dc958b1568260d98ed757ed)
github.com/git-lfs/git-lfs/errors.newWrappedError
	D:/a/git-lfs/git-lfs/errors/types.go:198
github.com/git-lfs/git-lfs/errors.Wrapf
	D:/a/git-lfs/git-lfs/errors/errors.go:85
github.com/git-lfs/git-lfs/lfs.(*GitFilter).downloadFile
	D:/a/git-lfs/git-lfs/lfs/gitfilter_smudge.go:115
github.com/git-lfs/git-lfs/lfs.(*GitFilter).Smudge
	D:/a/git-lfs/git-lfs/lfs/gitfilter_smudge.go:76
github.com/git-lfs/git-lfs/commands.smudge
	D:/a/git-lfs/git-lfs/commands/command_smudge.go:127
github.com/git-lfs/git-lfs/commands.filterCommand
	D:/a/git-lfs/git-lfs/commands/command_filter_process.go:120
github.com/spf13/cobra.(*Command).execute
	go/pkg/mod/github.com/spf13/cobra@v0.0.3/command.go:766
github.com/spf13/cobra.(*Command).ExecuteC
	go/pkg/mod/github.com/spf13/cobra@v0.0.3/command.go:852
github.com/spf13/cobra.(*Command).Execute
	go/pkg/mod/github.com/spf13/cobra@v0.0.3/command.go:800
github.com/git-lfs/git-lfs/commands.Run
	D:/a/git-lfs/git-lfs/commands/run.go:105
main.main
	D:/a/git-lfs/git-lfs/git-lfs.go:33
runtime.main
	go/src/runtime/proc.go:203
runtime.goexit
	go/src/runtime/asm_amd64.s:1373
Smudge error
github.com/git-lfs/git-lfs/errors.newWrappedError
	D:/a/git-lfs/git-lfs/errors/types.go:198
github.com/git-lfs/git-lfs/errors.NewSmudgeError
	D:/a/git-lfs/git-lfs/errors/types.go:284
github.com/git-lfs/git-lfs/lfs.(*GitFilter).Smudge
	D:/a/git-lfs/git-lfs/lfs/gitfilter_smudge.go:85
github.com/git-lfs/git-lfs/commands.smudge
	D:/a/git-lfs/git-lfs/commands/command_smudge.go:127
github.com/git-lfs/git-lfs/commands.filterCommand
	D:/a/git-lfs/git-lfs/commands/command_filter_process.go:120
github.com/spf13/cobra.(*Command).execute
	go/pkg/mod/github.com/spf13/cobra@v0.0.3/command.go:766
github.com/spf13/cobra.(*Command).ExecuteC
	go/pkg/mod/github.com/spf13/cobra@v0.0.3/command.go:852
github.com/spf13/cobra.(*Command).Execute
	go/pkg/mod/github.com/spf13/cobra@v0.0.3/command.go:800
github.com/git-lfs/git-lfs/commands.Run
	D:/a/git-lfs/git-lfs/commands/run.go:105
main.main
	D:/a/git-lfs/git-lfs/git-lfs.go:33
runtime.main
	go/src/runtime/proc.go:203
runtime.goexit
	go/src/runtime/asm_amd64.s:1373

Current time in UTC: 
2021-06-07 17:08:16

ENV:
LocalWorkingDir=
LocalGitDir=
LocalGitStorageDir=
LocalMediaDir=lfs\objects
LocalReferenceDirs=
TempDir=lfs\tmp
ConcurrentTransfers=8
TusTransfers=false
BasicTransfersOnly=false
SkipDownloadErrors=false
FetchRecentAlways=false
FetchRecentRefsDays=7
FetchRecentCommitsDays=0
FetchRecentRefsIncludeRemotes=true
PruneOffsetDays=3
PruneVerifyRemoteAlways=false
PruneRemoteName=origin
LfsStorageDir=lfs
AccessDownload=none
AccessUpload=none
DownloadTransfers=basic,lfs-standalone-file
UploadTransfers=basic,lfs-standalone-file
GIT_EXEC_PATH=C:\Users\david\AppData\Local\GitHubDesktop\app-2.8.3\resources\app\git\mingw64\libexec\git-core
GIT_PREFIX=

Client IP addresses:
2601:647:4801:c900:45a4:edf4:b079:2f1c 2601:647:4801:c900:948d:1c58:ba1e:6f4a fe80::45a4:edf4:b079:2f1c 192.168.0.7
